Logfile initialized
[INFO] logfile = /Users/helenwatson/Documents/Titanium Studio Workspace/TopnotchTRX/build.log
[DEBUG] /Library/Application Support/Titanium/mobilesdk/osx/1.7.5/android/builder.py simulator TopnotchTRX /Users/helenwatson/android-sdks /Users/helenwatson/Documents/Titanium Studio Workspace/TopnotchTRX com.topnotch.trx 10 WVGA854 
[INFO] Building TopnotchTRX for Android ... one moment
[INFO] Titanium SDK version: 1.7.5 (11/02/11 17:00 ab20af7)
[DEBUG] Waiting for device to be ready ...
[TRACE] adb devices returned 1 devices/emulators
[TRACE] adb devices returned 1 devices/emulators
[TRACE] adb devices returned 1 devices/emulators
[TRACE] adb devices returned 1 devices/emulators
[TRACE] adb devices returned 1 devices/emulators
[TRACE] adb devices returned 1 devices/emulators
[TRACE] adb devices returned 1 devices/emulators
[TRACE] adb devices returned 1 devices/emulators
[TRACE] adb devices returned 1 devices/emulators
[TRACE] adb devices returned 1 devices/emulators
[TRACE] adb devices returned 1 devices/emulators
[TRACE] adb devices returned 1 devices/emulators
[TRACE] adb devices returned 1 devices/emulators
[TRACE] adb devices returned 1 devices/emulators
[TRACE] adb devices returned 1 devices/emulators
[TRACE] adb devices returned 0 devices/emulators
[TRACE] adb devices returned 0 devices/emulators
[TRACE] adb devices returned 0 devices/emulators
[TRACE] adb devices returned 0 devices/emulators
[TRACE] adb devices returned 0 devices/emulators
[TRACE] adb devices returned 0 devices/emulators
[ERROR] Timed out waiting for emulator to be ready, you may need to close the emulator and try again
[INFO] Android Emulator has exited
